<?xml version="1.0" encoding="UTF-8"?>
<!-- Generated by org.testng.reporters.JUnitXMLReporter -->
<testsuite ignored="1" hostname="IB-Pune-LAP-411" failures="0" tests="5" name="Test1" time="0.026" errors="0" timestamp="2024-05-04T19:41:43 GMT-04:00">
  <testcase classname="ng.day2" name="day2test2" time="0.002"/>
  <testcase classname="ng.day2" name="day2test3" time="0.002"/>
  <testcase classname="ng.day3" name="day3test1" time="0.002"/>
  <testcase classname="ng.day3" name="day3test2" time="0.002"/>
  <testcase classname="ng.day3" name="day3test3" time="0.001"/>
  <testcase classname="ng.day2" name="day2test1" time="0.0">
    <ignored/>
  </testcase> <!-- day2test1 -->
</testsuite> <!-- Test1 -->
