<?xml version="1.0" encoding="UTF-8"?>
<!-- Generated by org.testng.reporters.JUnitXMLReporter -->
<testsuite ignored="0" hostname="IB-Pune-LAP-411" failures="1" tests="9" name="Test" time="0.143" errors="0" timestamp="2024-05-14T08:31:56 GMT-04:00">
  <testcase classname="ng.day1" name="day1test1" time="0.009"/>
  <testcase classname="ng.day1" name="day1test2" time="0.003"/>
  <testcase classname="ng.day1" name="day1test3" time="0.002"/>
  <testcase classname="ng.day2" name="day2test1" time="0.002"/>
  <testcase classname="ng.day2" name="day2test2" time="0.002"/>
  <testcase classname="ng.day2" name="day2test3" time="0.001"/>
  <testcase classname="ng.day3" name="day3test1" time="0.002"/>
  <testcase classname="ng.day3" name="day3test2" time="0.002"/>
  <testcase classname="ng.day3" name="day3test3" time="0.013">
    <failure type="java.lang.AssertionError" message="expected [true] but found [false]">
      <![CDATA[java.lang.AssertionError: expected [true] but found [false]
at ng.day3.day3test3(day3.java:38)
at java.base/java.util.ArrayList.forEach(ArrayList.java:1511)
... Removed 29 stack frames]]>
    </failure>
  </testcase> <!-- day3test3 -->
</testsuite> <!-- Test -->
