<?xml version="1.0" encoding="UTF-8"?>
<testng-results ignored="0" total="1" passed="1" failed="0" skipped="0">
  <reporter-output>
  </reporter-output>
  <suite started-at="2024-07-29T07:43:15 GMT-04:00" name="Default suite" finished-at="2024-07-29T07:43:25 GMT-04:00" duration-ms="10821">
    <groups>
    </groups>
    <test started-at="2024-07-29T07:43:15 GMT-04:00" name="Default test" finished-at="2024-07-29T07:43:25 GMT-04:00" duration-ms="10821">
      <class name="automationCompanyPage.tests.StandAloneTest2">
        <test-method is-config="true" signature="launchapp()[pri:0, instance:automationCompanyPage.tests.StandAloneTest2@36ebc363]" started-at="2024-07-29T07:43:15 GMT-04:00" name="launchapp" finished-at="2024-07-29T07:43:20 GMT-04:00" duration-ms="5619" status="PASS">
          <reporter-output>
          </reporter-output>
        </test-method> <!-- launchapp -->
        <test-method signature="order()[pri:0, instance:automationCompanyPage.tests.StandAloneTest2@36ebc363]" started-at="2024-07-29T07:43:20 GMT-04:00" name="order" finished-at="2024-07-29T07:43:25 GMT-04:00" duration-ms="4997" status="PASS">
          <reporter-output>
          </reporter-output>
        </test-method> <!-- order -->
        <test-method is-config="true" signature="tearDown()[pri:0, instance:automationCompanyPage.tests.StandAloneTest2@36ebc363]" started-at="2024-07-29T07:43:25 GMT-04:00" name="tearDown" finished-at="2024-07-29T07:43:25 GMT-04:00" duration-ms="131" status="PASS">
          <reporter-output>
          </reporter-output>
        </test-method> <!-- tearDown -->
      </class> <!-- automationCompanyPage.tests.StandAloneTest2 -->
    </test> <!-- Default test -->
  </suite> <!-- Default suite -->
</testng-results>
